C51 COMPILER V9.56.0.0   HC89F30XB_IO_INIT                                                 08/12/2020 17:39:40 PAGE 1   


C51 COMPILER V9.56.0.0, COMPILATION OF MODULE HC89F30XB_IO_INIT
OBJECT MODULE PLACED IN .\Output\HC89F30xB_IO_INIT.obj
COMPILER INVOKED BY: F:\Keil\C51\BIN\C51.EXE ..\..\User\C\HC89F30xB_IO_INIT.c OMF2 OPTIMIZE(8,SPEED) BROWSE INCDIR(..\..
                    -\Application;..\..\User\INC;..\..\Libraries) DEBUG PRINT(.\List\HC89F30xB_IO_INIT.lst) TABS(2) OBJECT(.\Output\HC89F30xB
                    -_IO_INIT.obj)

line level    source

   1          /******************* (C) COPYRIGHT 2009~2019 holychip **************************
   2          * File Name          : HC89F30xB_IO_INIT.c
   3          ********************************************************************************
   4          
   5          
   6          *******************************************************************************/
   7          #include  "HC89F303B.h"
   8          #include  "HC89F30xB_IO_INIT.h"
   9          
  10          /****************************************************************************
  11          * Function Name  :
  12          * Description    :
  13          * Input          : None
  14          * Output         : None
  15          * Return         : None
  16          ****************************************************************************/
  17          void IO_Init(void)
  18          {
  19   1        P0 = 0X00;
  20   1        P0M0 = GPIO_In_AN; //
  21   1        P0M1 = GPIO_In_AN; //
  22   1        P0M2 = GPIO_In_AN; //
  23   1        P0M3 = GPIO_In_AN; //
  24   1        P0M4 = GPIO_In_AN; //
  25   1        P0M5 = GPIO_In_AN; //
  26   1        P0M6 = GPIO_In_AN; //
  27   1        P0M7 = GPIO_In_AN; //
  28   1      
  29   1        P1M0 = GPIO_In_AN; //
  30   1        P1M1 = GPIO_In_AN; //
  31   1        P1M2 = GPIO_In_AN; //
  32   1        P1M3 = GPIO_In_AN; //
  33   1        P1M4 = GPIO_In_AN; //
  34   1        P1M5 = GPIO_In_AN; //
  35   1        P1M6 = GPIO_In_AN; //
  36   1        P1M7 = GPIO_In_AN; //
  37   1      
  38   1        P2 = 0X00;
  39   1        P2M0 = GPIO_In_AN; //SW_SDA
  40   1        P2M1 = GPIO_In_AN; //
  41   1        P2M2 = GPIO_In_AN; //SW_SCK
  42   1        P2M3 = GPIO_In_AN; //
  43   1        P2M4 = GPIO_In_AN; //
  44   1        P2M5 = GPIO_In_AN; //
  45   1        P2M6 = GPIO_In_AN; //
  46   1        P2M7 = GPIO_In_AN; //
  47   1      
  48   1        P3 = 0X00;
  49   1        P3M4 = GPIO_In_AN; //
  50   1        P3M5 = GPIO_In_AN; //
  51   1      }
  52          
  53          /*********************************END OF FILE************************************/
C51 COMPILER V9.56.0.0   HC89F30XB_IO_INIT                                                 08/12/2020 17:39:40 PAGE 2   

  54          /******************* (C) COPYRIGHT 2009~2019 holychip ***************************/


MODULE INFORMATION:   STATIC OVERLAYABLE
   CODE SIZE        =    117    ----
   CONSTANT SIZE    =   ----    ----
   XDATA SIZE       =   ----    ----
   PDATA SIZE       =   ----    ----
   DATA SIZE        =   ----    ----
   IDATA SIZE       =   ----    ----
   BIT SIZE         =   ----    ----
   EDATA SIZE       =   ----    ----
   HDATA SIZE       =   ----    ----
   XDATA CONST SIZE =   ----    ----
   FAR CONST SIZE   =   ----    ----
END OF MODULE INFORMATION.


C51 COMPILATION COMPLETE.  0 WARNING(S),  0 ERROR(S)
