C51 COMPILER V9.56.0.0   TIMER                                                             08/12/2020 17:39:39 PAGE 1   


C51 COMPILER V9.56.0.0, COMPILATION OF MODULE TIMER
OBJECT MODULE PLACED IN .\Output\TIMER.obj
COMPILER INVOKED BY: F:\Keil\C51\BIN\C51.EXE ..\..\Application\TIMER\TIMER.c OMF2 OPTIMIZE(8,SPEED) BROWSE INCDIR(..\..\
                    -Application;..\..\User\INC;..\..\Libraries) DEBUG PRINT(.\List\TIMER.lst) TABS(2) OBJECT(.\Output\TIMER.obj)

line level    source

   1          /******************* (C) COPYRIGHT 2009~2019 holychip **************************
   2          * File Name          : TIMER.c
   3          * Author             : Touch Team
   4          * Version            : V1.0.5.0
   5          * Date               : 2019/10/01
   6          ********************************************************************************
   7          
   8          
   9          *******************************************************************************/
  10          #include "HC89F303B.h"
  11          #include "HC89F30xB_SYS.h"
  12          #include "TIMER\TIMER.h"
  13          
  14          //===============================================================================
  15          u8  bdata T0_XXS_Flag = 0;
  16          sbit  T0_10MS_F                 = T0_XXS_Flag ^ 0;    //
  17          sbit  T0_100MS_F                = T0_XXS_Flag ^ 1;    //
  18          
  19          ux8 T_10MS_COUNT = 0;
  20          ux8 T_100MS_COUNT = 0;
  21          
  22          ux8 T_MCU_GO_TO_LP_MODE_COUNT = 0;
  23          
  24          //===============================================================================
  25          void TIMER0_Init(void)
  26          {
  27   1        TIMER0_DIS;
  28   1        CLR_TIMER0_TF0;
  29   1        TCON1 |= bmT0X12;       //1FP
  30   1        TMOD &= ~bmT0MODE;      //FS0
  31   1        TIMER0_COUNT_INIT;
  32   1        ET0 = 1;  
  33   1        TIMER0_EN;
  34   1      }
  35          
  36          //================================================================================
  37          void TIMER0_ISR_Handle()
  38          {
  39   1        if(++T_10MS_COUNT  >= T_10MS_DF)
  40   1        {
  41   2          T_10MS_COUNT = 0;
  42   2          T0_10MS_F = 1;    
  43   2        }
  44   1      
  45   1        if(T0_10MS_F)
  46   1        {
  47   2          T0_10MS_F = 0;
  48   2      
  49   2          if(++T_100MS_COUNT  >= T_100MS_DF)
  50   2          {
  51   3            T_100MS_COUNT = 0;
  52   3            T0_100MS_F = 1;
  53   3          }
  54   2        }
C51 COMPILER V9.56.0.0   TIMER                                                             08/12/2020 17:39:39 PAGE 2   

  55   1      }
  56          
  57          
  58          
  59          /*********************************END OF FILE************************************/
  60          /******************* (C) COPYRIGHT 2009~2019 holychip ***************************/


MODULE INFORMATION:   STATIC OVERLAYABLE
   CODE SIZE        =     61    ----
   CONSTANT SIZE    =   ----    ----
   XDATA SIZE       =      3    ----
   PDATA SIZE       =   ----    ----
   DATA SIZE        =      1    ----
   IDATA SIZE       =   ----    ----
   BIT SIZE         =   ----    ----
   EDATA SIZE       =   ----    ----
   HDATA SIZE       =   ----    ----
   XDATA CONST SIZE =   ----    ----
   FAR CONST SIZE   =   ----    ----
END OF MODULE INFORMATION.


C51 COMPILATION COMPLETE.  0 WARNING(S),  0 ERROR(S)
